<?xml version="1.0" encoding="UTF-8"?>
<testsuites name="TS1" time="0" tests="0" failures="0" errors="0">
   <testsuite name="TS1" tests="0" failures="0" errors="0" time="0" timestamp="2018-07-24 17:04:08" hostname="QCQ0264 - N01-0370.quick.local" id="Test Suites/TS1">
      <properties>
         <property name="deviceName" value=""/>
         <property name="devicePlatform" value=""/>
         <property name="logFolder" value="C:\\Users\\qcq0264\\katalon-workspace\\UsingMaterialsDemo\\Reports\\TS1\\20180724_170405"/>
         <property name="logFiles" value="C:\\Users\\qcq0264\\katalon-workspace\\UsingMaterialsDemo\\Reports\\TS1\\20180724_170405\\execution0.log"/>
         <property name="attachments" value=""/>
         <property name="hostName" value="QCQ0264 - N01-0370.quick.local"/>
         <property name="hostAddress" value="192.168.56.1"/>
         <property name="os" value="Windows 7 64bit"/>
         <property name="katalonVersion" value="5.4.2.1"/>
      </properties>
      <system-out><![CDATA[2018-07-24 17:04:08 - [TEST_SUITE][INCOMPLETE] - TS1: null]]></system-out>
      <system-err><![CDATA[2018-07-24 17:04:08 - [TEST_SUITE][INCOMPLETE] - TS1: null]]></system-err>
   </testsuite>
</testsuites>
